<?xml version="1.0" encoding="UTF-8"?>
<!-- Generated by org.testng.reporters.JUnitReportReporter -->
<testsuite hostname="LIN86000013" failures="0" tests="1" name="runner.TestRunner" time="13.274" errors="0" timestamp="2020-12-02T00:58:57 IST" skipped="0">
  <testcase classname="runner.TestRunner" name="feature" time="13.274"/>
  <system-out/>
</testsuite> <!-- runner.TestRunner -->
