<?xml version="1.0" encoding="UTF-8"?>
<!-- Generated by org.testng.reporters.JUnitReportReporter -->
<testsuite hostname="LIN86000013" failures="0" tests="1" name="runner.TestRunnner" time="42.184" errors="0" timestamp="2020-12-02T00:24:21 IST" skipped="0">
  <testcase classname="runner.TestRunnner" name="feature" time="42.184"/>
  <system-out/>
</testsuite> <!-- runner.TestRunnner -->
